{"C:\\Users\\jodin\\alchemy\\career-track\\data-structures-and-algorithms\\code-challenges\\array-reverse\\array-reverse.js": {"path":"C:\\Users\\jodin\\alchemy\\career-track\\data-structures-and-algorithms\\code-challenges\\array-reverse\\array-reverse.js","statementMap":{"0":{"start":{"line":1,"column":16},"end":{"line":7,"column":1}},"1":{"start":{"line":2,"column":19},"end":{"line":2,"column":21}},"2":{"start":{"line":3,"column":2},"end":{"line":5,"column":3}},"3":{"start":{"line":3,"column":14},"end":{"line":3,"column":15}},"4":{"start":{"line":4,"column":4},"end":{"line":4,"column":46}},"5":{"start":{"line":6,"column":2},"end":{"line":6,"column":18}},"6":{"start":{"line":9,"column":0},"end":{"line":9,"column":25}}},"fnMap":{"0":{"name":"(anonymous_0)","decl":{"start":{"line":1,"column":16},"end":{"line":1,"column":17}},"loc":{"start":{"line":1,"column":25},"end":{"line":7,"column":1}},"line":1}},"branchMap":{},"s":{"0":1,"1":0,"2":0,"3":0,"4":0,"5":0,"6":1},"f":{"0":0},"b":{},"_coverageSchema":"43e27e138ebf9cfc5966b082cf9a028302ed4184","hash":"36bd40940071a02779fc35ac7d1a908c3e053c11"}
,"C:\\Users\\jodin\\alchemy\\career-track\\data-structures-and-algorithms\\code-challenges\\array-shift\\array.shift.js": {"path":"C:\\Users\\jodin\\alchemy\\career-track\\data-structures-and-algorithms\\code-challenges\\array-shift\\array.shift.js","statementMap":{"0":{"start":{"line":1,"column":25},"end":{"line":16,"column":1}},"1":{"start":{"line":3,"column":20},"end":{"line":3,"column":51}},"2":{"start":{"line":4,"column":19},"end":{"line":4,"column":46}},"3":{"start":{"line":5,"column":10},"end":{"line":5,"column":11}},"4":{"start":{"line":7,"column":2},"end":{"line":14,"column":3}},"5":{"start":{"line":7,"column":14},"end":{"line":7,"column":15}},"6":{"start":{"line":8,"column":4},"end":{"line":8,"column":27}},"7":{"start":{"line":9,"column":4},"end":{"line":9,"column":8}},"8":{"start":{"line":10,"column":4},"end":{"line":13,"column":5}},"9":{"start":{"line":11,"column":6},"end":{"line":11,"column":26}},"10":{"start":{"line":12,"column":6},"end":{"line":12,"column":10}},"11":{"start":{"line":15,"column":2},"end":{"line":15,"column":18}},"12":{"start":{"line":18,"column":0},"end":{"line":18,"column":38}}},"fnMap":{"0":{"name":"(anonymous_0)","decl":{"start":{"line":1,"column":25},"end":{"line":1,"column":26}},"loc":{"start":{"line":1,"column":43},"end":{"line":16,"column":1}},"line":1}},"branchMap":{"0":{"loc":{"start":{"line":10,"column":4},"end":{"line":13,"column":5}},"type":"if","locations":[{"start":{"line":10,"column":4},"end":{"line":13,"column":5}},{"start":{"line":10,"column":4},"end":{"line":13,"column":5}}],"line":10}},"s":{"0":1,"1":0,"2":0,"3":0,"4":0,"5":0,"6":0,"7":0,"8":0,"9":0,"10":0,"11":0,"12":1},"f":{"0":0},"b":{"0":[0,0]},"_coverageSchema":"43e27e138ebf9cfc5966b082cf9a028302ed4184","hash":"52f1eff2a963eddc5fa7d457caecfe9e2929a5b3"}
,"C:\\Users\\jodin\\alchemy\\career-track\\data-structures-and-algorithms\\code-challenges\\binary-search\\array-binary-search.js": {"path":"C:\\Users\\jodin\\alchemy\\career-track\\data-structures-and-algorithms\\code-challenges\\binary-search\\array-binary-search.js","statementMap":{"0":{"start":{"line":1,"column":21},"end":{"line":9,"column":1}},"1":{"start":{"line":2,"column":2},"end":{"line":8,"column":3}},"2":{"start":{"line":2,"column":14},"end":{"line":2,"column":15}},"3":{"start":{"line":3,"column":4},"end":{"line":7,"column":5}},"4":{"start":{"line":4,"column":6},"end":{"line":4,"column":15}},"5":{"start":{"line":6,"column":6},"end":{"line":6,"column":16}},"6":{"start":{"line":11,"column":0},"end":{"line":11,"column":34}}},"fnMap":{"0":{"name":"(anonymous_0)","decl":{"start":{"line":1,"column":21},"end":{"line":1,"column":22}},"loc":{"start":{"line":1,"column":43},"end":{"line":9,"column":1}},"line":1}},"branchMap":{"0":{"loc":{"start":{"line":3,"column":4},"end":{"line":7,"column":5}},"type":"if","locations":[{"start":{"line":3,"column":4},"end":{"line":7,"column":5}},{"start":{"line":3,"column":4},"end":{"line":7,"column":5}}],"line":3}},"s":{"0":1,"1":0,"2":0,"3":0,"4":0,"5":0,"6":1},"f":{"0":0},"b":{"0":[0,0]},"_coverageSchema":"43e27e138ebf9cfc5966b082cf9a028302ed4184","hash":"8202119150f23c9ff5c173d107d554eb3c0eb86e"}
,"C:\\Users\\jodin\\alchemy\\career-track\\data-structures-and-algorithms\\code-challenges\\linked-list\\linked-list.js": {"path":"C:\\Users\\jodin\\alchemy\\career-track\\data-structures-and-algorithms\\code-challenges\\linked-list\\linked-list.js","statementMap":{"0":{"start":{"line":3,"column":4},"end":{"line":3,"column":23}},"1":{"start":{"line":4,"column":4},"end":{"line":4,"column":29}},"2":{"start":{"line":10,"column":4},"end":{"line":10,"column":21}},"3":{"start":{"line":11,"column":4},"end":{"line":11,"column":20}},"4":{"start":{"line":12,"column":4},"end":{"line":12,"column":23}},"5":{"start":{"line":16,"column":20},"end":{"line":16,"column":46}},"6":{"start":{"line":17,"column":4},"end":{"line":17,"column":29}},"7":{"start":{"line":18,"column":4},"end":{"line":18,"column":24}},"8":{"start":{"line":19,"column":4},"end":{"line":19,"column":18}},"9":{"start":{"line":20,"column":4},"end":{"line":20,"column":16}},"10":{"start":{"line":24,"column":19},"end":{"line":24,"column":28}},"11":{"start":{"line":26,"column":4},"end":{"line":30,"column":5}},"12":{"start":{"line":27,"column":6},"end":{"line":29,"column":26}},"13":{"start":{"line":28,"column":8},"end":{"line":28,"column":20}},"14":{"start":{"line":29,"column":13},"end":{"line":29,"column":26}},"15":{"start":{"line":34,"column":19},"end":{"line":34,"column":28}},"16":{"start":{"line":35,"column":24},"end":{"line":35,"column":26}},"17":{"start":{"line":36,"column":4},"end":{"line":39,"column":5}},"18":{"start":{"line":37,"column":6},"end":{"line":37,"column":41}},"19":{"start":{"line":38,"column":6},"end":{"line":38,"column":31}},"20":{"start":{"line":40,"column":19},"end":{"line":40,"column":45}},"21":{"start":{"line":41,"column":21},"end":{"line":41,"column":40}},"22":{"start":{"line":42,"column":4},"end":{"line":42,"column":22}},"23":{"start":{"line":46,"column":20},"end":{"line":46,"column":41}},"24":{"start":{"line":47,"column":22},"end":{"line":47,"column":31}},"25":{"start":{"line":49,"column":4},"end":{"line":51,"column":5}},"26":{"start":{"line":50,"column":6},"end":{"line":50,"column":37}},"27":{"start":{"line":52,"column":4},"end":{"line":52,"column":31}},"28":{"start":{"line":56,"column":20},"end":{"line":56,"column":38}},"29":{"start":{"line":57,"column":22},"end":{"line":57,"column":31}},"30":{"start":{"line":59,"column":4},"end":{"line":62,"column":5}},"31":{"start":{"line":60,"column":6},"end":{"line":60,"column":37}},"32":{"start":{"line":61,"column":6},"end":{"line":61,"column":12}},"33":{"start":{"line":63,"column":4},"end":{"line":63,"column":37}},"34":{"start":{"line":64,"column":4},"end":{"line":64,"column":45}},"35":{"start":{"line":66,"column":4},"end":{"line":66,"column":36}},"36":{"start":{"line":70,"column":20},"end":{"line":70,"column":38}},"37":{"start":{"line":71,"column":22},"end":{"line":71,"column":31}},"38":{"start":{"line":73,"column":4},"end":{"line":75,"column":5}},"39":{"start":{"line":74,"column":6},"end":{"line":74,"column":37}},"40":{"start":{"line":76,"column":4},"end":{"line":76,"column":31}},"41":{"start":{"line":83,"column":0},"end":{"line":83,"column":38}}},"fnMap":{"0":{"name":"(anonymous_0)","decl":{"start":{"line":2,"column":2},"end":{"line":2,"column":3}},"loc":{"start":{"line":2,"column":27},"end":{"line":5,"column":3}},"line":2},"1":{"name":"(anonymous_1)","decl":{"start":{"line":9,"column":2},"end":{"line":9,"column":3}},"loc":{"start":{"line":9,"column":21},"end":{"line":13,"column":3}},"line":9},"2":{"name":"(anonymous_2)","decl":{"start":{"line":15,"column":2},"end":{"line":15,"column":3}},"loc":{"start":{"line":15,"column":16},"end":{"line":21,"column":3}},"line":15},"3":{"name":"(anonymous_3)","decl":{"start":{"line":23,"column":2},"end":{"line":23,"column":3}},"loc":{"start":{"line":23,"column":18},"end":{"line":31,"column":3}},"line":23},"4":{"name":"(anonymous_4)","decl":{"start":{"line":33,"column":2},"end":{"line":33,"column":3}},"loc":{"start":{"line":33,"column":13},"end":{"line":43,"column":3}},"line":33},"5":{"name":"(anonymous_5)","decl":{"start":{"line":45,"column":2},"end":{"line":45,"column":3}},"loc":{"start":{"line":45,"column":16},"end":{"line":53,"column":3}},"line":45},"6":{"name":"(anonymous_6)","decl":{"start":{"line":55,"column":2},"end":{"line":55,"column":3}},"loc":{"start":{"line":55,"column":32},"end":{"line":67,"column":3}},"line":55},"7":{"name":"(anonymous_7)","decl":{"start":{"line":69,"column":2},"end":{"line":69,"column":3}},"loc":{"start":{"line":69,"column":31},"end":{"line":77,"column":3}},"line":69}},"branchMap":{"0":{"loc":{"start":{"line":4,"column":16},"end":{"line":4,"column":28}},"type":"binary-expr","locations":[{"start":{"line":4,"column":16},"end":{"line":4,"column":20}},{"start":{"line":4,"column":24},"end":{"line":4,"column":28}}],"line":4},"1":{"loc":{"start":{"line":27,"column":6},"end":{"line":29,"column":26}},"type":"if","locations":[{"start":{"line":27,"column":6},"end":{"line":29,"column":26}},{"start":{"line":27,"column":6},"end":{"line":29,"column":26}}],"line":27},"2":{"loc":{"start":{"line":59,"column":11},"end":{"line":59,"column":66}},"type":"binary-expr","locations":[{"start":{"line":59,"column":11},"end":{"line":59,"column":36}},{"start":{"line":59,"column":40},"end":{"line":59,"column":66}}],"line":59},"3":{"loc":{"start":{"line":73,"column":10},"end":{"line":73,"column":65}},"type":"binary-expr","locations":[{"start":{"line":73,"column":10},"end":{"line":73,"column":36}},{"start":{"line":73,"column":40},"end":{"line":73,"column":65}}],"line":73}},"s":{"0":23,"1":23,"2":9,"3":9,"4":9,"5":21,"6":21,"7":21,"8":21,"9":21,"10":2,"11":2,"12":2,"13":1,"14":1,"15":5,"16":5,"17":5,"18":13,"19":13,"20":5,"21":5,"22":5,"23":1,"24":1,"25":1,"26":0,"27":1,"28":1,"29":1,"30":1,"31":1,"32":1,"33":1,"34":1,"35":1,"36":0,"37":0,"38":0,"39":0,"40":0,"41":1},"f":{"0":23,"1":9,"2":21,"3":2,"4":5,"5":1,"6":1,"7":0},"b":{"0":[23,11],"1":[1,1],"2":[1,1],"3":[0,0]},"_coverageSchema":"43e27e138ebf9cfc5966b082cf9a028302ed4184","hash":"9c4fb2140d1e9a67719d091813c2ee8c21064ea2"}
}
