{"C:\\Users\\jodin\\alchemy\\career-track\\data-structures-and-algorithms\\code-challenges\\challenge-01\\array-reverse.js": {"path":"C:\\Users\\jodin\\alchemy\\career-track\\data-structures-and-algorithms\\code-challenges\\challenge-01\\array-reverse.js","statementMap":{"0":{"start":{"line":1,"column":16},"end":{"line":7,"column":1}},"1":{"start":{"line":2,"column":21},"end":{"line":2,"column":23}},"2":{"start":{"line":3,"column":4},"end":{"line":5,"column":5}},"3":{"start":{"line":3,"column":16},"end":{"line":3,"column":17}},"4":{"start":{"line":4,"column":8},"end":{"line":4,"column":50}},"5":{"start":{"line":6,"column":4},"end":{"line":6,"column":20}},"6":{"start":{"line":9,"column":0},"end":{"line":9,"column":25}}},"fnMap":{"0":{"name":"(anonymous_0)","decl":{"start":{"line":1,"column":16},"end":{"line":1,"column":17}},"loc":{"start":{"line":1,"column":25},"end":{"line":7,"column":1}},"line":1}},"branchMap":{},"s":{"0":1,"1":0,"2":0,"3":0,"4":0,"5":0,"6":1},"f":{"0":0},"b":{},"_coverageSchema":"43e27e138ebf9cfc5966b082cf9a028302ed4184","hash":"51fd2e38bdeb5ee7ffeae0f20300c5949daaee1c"}
,"C:\\Users\\jodin\\alchemy\\career-track\\data-structures-and-algorithms\\code-challenges\\challenge-02\\array.shift.js": {"path":"C:\\Users\\jodin\\alchemy\\career-track\\data-structures-and-algorithms\\code-challenges\\challenge-02\\array.shift.js","statementMap":{"0":{"start":{"line":1,"column":25},"end":{"line":16,"column":1}},"1":{"start":{"line":3,"column":22},"end":{"line":3,"column":53}},"2":{"start":{"line":4,"column":21},"end":{"line":4,"column":48}},"3":{"start":{"line":5,"column":12},"end":{"line":5,"column":13}},"4":{"start":{"line":7,"column":4},"end":{"line":14,"column":5}},"5":{"start":{"line":7,"column":16},"end":{"line":7,"column":17}},"6":{"start":{"line":8,"column":8},"end":{"line":8,"column":31}},"7":{"start":{"line":9,"column":8},"end":{"line":9,"column":12}},"8":{"start":{"line":10,"column":8},"end":{"line":13,"column":9}},"9":{"start":{"line":11,"column":12},"end":{"line":11,"column":32}},"10":{"start":{"line":12,"column":12},"end":{"line":12,"column":16}},"11":{"start":{"line":15,"column":4},"end":{"line":15,"column":20}},"12":{"start":{"line":18,"column":0},"end":{"line":18,"column":38}}},"fnMap":{"0":{"name":"(anonymous_0)","decl":{"start":{"line":1,"column":25},"end":{"line":1,"column":26}},"loc":{"start":{"line":1,"column":43},"end":{"line":16,"column":1}},"line":1}},"branchMap":{"0":{"loc":{"start":{"line":10,"column":8},"end":{"line":13,"column":9}},"type":"if","locations":[{"start":{"line":10,"column":8},"end":{"line":13,"column":9}},{"start":{"line":10,"column":8},"end":{"line":13,"column":9}}],"line":10}},"s":{"0":1,"1":0,"2":0,"3":0,"4":0,"5":0,"6":0,"7":0,"8":0,"9":0,"10":0,"11":0,"12":1},"f":{"0":0},"b":{"0":[0,0]},"_coverageSchema":"43e27e138ebf9cfc5966b082cf9a028302ed4184","hash":"3e36b44b2d5f08f532b55286c221f8f45b024d9c"}
,"C:\\Users\\jodin\\alchemy\\career-track\\data-structures-and-algorithms\\code-challenges\\challenge-03\\array-binary-search.js": {"path":"C:\\Users\\jodin\\alchemy\\career-track\\data-structures-and-algorithms\\code-challenges\\challenge-03\\array-binary-search.js","statementMap":{"0":{"start":{"line":1,"column":21},"end":{"line":9,"column":1}},"1":{"start":{"line":2,"column":4},"end":{"line":8,"column":5}},"2":{"start":{"line":2,"column":16},"end":{"line":2,"column":17}},"3":{"start":{"line":3,"column":8},"end":{"line":7,"column":9}},"4":{"start":{"line":4,"column":12},"end":{"line":4,"column":21}},"5":{"start":{"line":6,"column":12},"end":{"line":6,"column":22}},"6":{"start":{"line":11,"column":0},"end":{"line":11,"column":34}}},"fnMap":{"0":{"name":"(anonymous_0)","decl":{"start":{"line":1,"column":21},"end":{"line":1,"column":22}},"loc":{"start":{"line":1,"column":43},"end":{"line":9,"column":1}},"line":1}},"branchMap":{"0":{"loc":{"start":{"line":3,"column":8},"end":{"line":7,"column":9}},"type":"if","locations":[{"start":{"line":3,"column":8},"end":{"line":7,"column":9}},{"start":{"line":3,"column":8},"end":{"line":7,"column":9}}],"line":3}},"s":{"0":1,"1":1,"2":1,"3":1,"4":0,"5":1,"6":1},"f":{"0":1},"b":{"0":[0,1]},"_coverageSchema":"43e27e138ebf9cfc5966b082cf9a028302ed4184","hash":"9b632384465efcb0328abc9dd314259ab9a8c78f"}
}
