TN:
SF:C:\Users\jodin\alchemy\career-track\data-structures-and-algorithms\code-challenges\challenge-01\array-reverse.js
FN:1,(anonymous_0)
FNF:1
FNH:0
FNDA:0,(anonymous_0)
DA:1,1
DA:2,0
DA:3,0
DA:4,0
DA:6,0
DA:9,1
LF:6
LH:2
BRF:0
BRH:0
end_of_record
TN:
SF:C:\Users\jodin\alchemy\career-track\data-structures-and-algorithms\code-challenges\challenge-02\array.shift.js
FN:1,(anonymous_0)
FNF:1
FNH:0
FNDA:0,(anonymous_0)
DA:1,1
DA:3,0
DA:4,0
DA:5,0
DA:7,0
DA:8,0
DA:9,0
DA:10,0
DA:11,0
DA:12,0
DA:15,0
DA:18,1
LF:12
LH:2
BRDA:10,0,0,0
BRDA:10,0,1,0
BRF:2
BRH:0
end_of_record
TN:
SF:C:\Users\jodin\alchemy\career-track\data-structures-and-algorithms\code-challenges\challenge-03\array-binary-search.js
FN:1,(anonymous_0)
FNF:1
FNH:0
FNDA:0,(anonymous_0)
DA:1,1
DA:2,0
DA:3,0
DA:4,0
DA:6,0
DA:11,1
LF:6
LH:2
BRDA:3,0,0,0
BRDA:3,0,1,0
BRF:2
BRH:0
end_of_record
TN:
SF:C:\Users\jodin\alchemy\career-track\data-structures-and-algorithms\code-challenges\challenge-04\linked-list.js
FN:2,(anonymous_0)
FN:9,(anonymous_1)
FN:15,(anonymous_2)
FN:24,(anonymous_3)
FN:28,(anonymous_4)
FNF:5
FNH:2
FNDA:0,(anonymous_0)
FNDA:2,(anonymous_1)
FNDA:3,(anonymous_2)
FNDA:0,(anonymous_3)
FNDA:0,(anonymous_4)
DA:3,0
DA:4,0
DA:10,2
DA:11,2
DA:12,2
DA:17,3
DA:18,3
DA:19,3
DA:20,3
DA:21,3
DA:35,1
LF:11
LH:9
BRF:0
BRH:0
end_of_record
