TN:
SF:C:\Users\jodin\alchemy\career-track\data-structures-and-algorithms\code-challenges\linked-list\linked-list.js
FN:2,(anonymous_0)
FN:9,(anonymous_1)
FN:15,(anonymous_2)
FN:23,(anonymous_3)
FN:33,(anonymous_4)
FN:45,(anonymous_5)
FN:55,(anonymous_6)
FN:72,(anonymous_7)
FN:84,(anonymous_8)
FNF:9
FNH:8
FNDA:32,(anonymous_0)
FNDA:11,(anonymous_1)
FNDA:28,(anonymous_2)
FNDA:2,(anonymous_3)
FNDA:7,(anonymous_4)
FNDA:1,(anonymous_5)
FNDA:2,(anonymous_6)
FNDA:1,(anonymous_7)
FNDA:0,(anonymous_8)
DA:3,32
DA:4,32
DA:10,11
DA:11,11
DA:12,11
DA:16,28
DA:17,28
DA:18,28
DA:19,28
DA:20,28
DA:24,2
DA:26,2
DA:27,2
DA:28,1
DA:29,1
DA:34,7
DA:35,7
DA:36,7
DA:37,23
DA:38,23
DA:40,7
DA:41,7
DA:42,7
DA:46,1
DA:47,1
DA:49,1
DA:50,0
DA:52,1
DA:56,2
DA:57,2
DA:59,2
DA:60,1
DA:61,1
DA:63,1
DA:64,1
DA:65,1
DA:67,1
DA:68,1
DA:73,1
DA:74,1
DA:76,1
DA:77,1
DA:78,1
DA:80,1
DA:81,1
DA:85,0
DA:87,0
DA:88,0
DA:91,0
DA:99,1
LF:50
LH:45
BRDA:4,0,0,32
BRDA:4,0,1,15
BRDA:27,1,0,1
BRDA:27,1,1,1
BRDA:59,2,0,1
BRDA:59,2,1,1
BRDA:63,3,0,1
BRDA:63,3,1,1
BRF:8
BRH:8
end_of_record
